<?xml version="1.0" encoding="UTF-8"?>
<!-- Generated by org.testng.reporters.JUnitReportReporter -->
<testsuite hostname="DESKTOP-LOOUQID" failures="0" tests="1" name="scripts.SeleniumTest" time="17.767" errors="0" timestamp="2024-07-09T14:44:14 IST" skipped="0">
  <testcase classname="scripts.SeleniumTest" name="emiCalculation" time="17.767"/>
  <system-out/>
</testsuite> <!-- scripts.SeleniumTest -->
